2024-04-24 21:30:09.872 INFO  o.e.springapp.SpringAppApplication - Starting SpringAppApplication using Java 18.0.1.1 with PID 16996 (E:\BootCamp SYNRGY Academy Batch 7\SpringApp\SpringApp\target\classes started by ridhogymnastiar in E:\BootCamp SYNRGY Academy Batch 7\SpringApp\SpringApp)
2024-04-24 21:30:09.874 INFO  o.e.springapp.SpringAppApplication - No active profile set, falling back to 1 default profile: "default"
2024-04-24 21:30:10.675 INFO  o.s.b.w.e.tomcat.TomcatWebServer - Tomcat initialized with port 8080 (http)
2024-04-24 21:30:10.732 INFO  o.s.b.w.s.c.ServletWebServerApplicationContext - Root WebApplicationContext: initialization completed in 818 ms
2024-04-24 21:30:11.072 INFO  o.s.b.w.e.tomcat.TomcatWebServer - Tomcat started on port 8080 (http) with context path ''
2024-04-24 21:30:11.081 INFO  o.e.springapp.SpringAppApplication - Started SpringAppApplication in 1.578 seconds (process running for 1.974)
2024-04-24 21:30:48.002 INFO  o.e.springapp.SpringAppApplication - Starting SpringAppApplication using Java 18.0.1.1 with PID 21984 (E:\BootCamp SYNRGY Academy Batch 7\SpringApp\SpringApp\target\classes started by ridhogymnastiar in E:\BootCamp SYNRGY Academy Batch 7\SpringApp\SpringApp)
2024-04-24 21:30:48.004 INFO  o.e.springapp.SpringAppApplication - No active profile set, falling back to 1 default profile: "default"
2024-04-24 21:30:48.841 INFO  o.s.b.w.e.tomcat.TomcatWebServer - Tomcat initialized with port 8080 (http)
2024-04-24 21:30:48.852 INFO  o.a.catalina.core.StandardService - Starting service [Tomcat]
2024-04-24 21:30:48.852 INFO  o.a.catalina.core.StandardEngine - Starting Servlet engine: [Apache Tomcat/10.1.20]
2024-04-24 21:30:48.892 INFO  o.a.c.c.C.[Tomcat].[localhost].[/] - Initializing Spring embedded WebApplicationContext
2024-04-24 21:30:48.894 INFO  o.s.b.w.s.c.ServletWebServerApplicationContext - Root WebApplicationContext: initialization completed in 840 ms
2024-04-24 21:30:49.222 INFO  o.s.b.w.e.tomcat.TomcatWebServer - Tomcat started on port 8080 (http) with context path ''
2024-04-24 21:30:49.237 INFO  o.e.springapp.SpringAppApplication - Started SpringAppApplication in 1.607 seconds (process running for 2.103)
2024-04-24 21:30:55.642 INFO  o.e.springapp.SpringAppApplication - Starting SpringAppApplication using Java 18.0.1.1 with PID 8384 (E:\BootCamp SYNRGY Academy Batch 7\SpringApp\SpringApp\target\classes started by ridhogymnastiar in E:\BootCamp SYNRGY Academy Batch 7\SpringApp\SpringApp)
2024-04-24 21:30:55.643 INFO  o.e.springapp.SpringAppApplication - No active profile set, falling back to 1 default profile: "default"
2024-04-24 21:30:56.480 INFO  o.s.b.w.e.tomcat.TomcatWebServer - Tomcat initialized with port 8080 (http)
2024-04-24 21:30:56.489 INFO  o.a.catalina.core.StandardService - Starting service [Tomcat]
2024-04-24 21:30:56.490 INFO  o.a.catalina.core.StandardEngine - Starting Servlet engine: [Apache Tomcat/10.1.20]
2024-04-24 21:30:56.530 INFO  o.a.c.c.C.[Tomcat].[localhost].[/] - Initializing Spring embedded WebApplicationContext
2024-04-24 21:30:56.531 INFO  o.s.b.w.s.c.ServletWebServerApplicationContext - Root WebApplicationContext: initialization completed in 844 ms
2024-04-24 21:30:56.836 INFO  o.s.b.w.e.tomcat.TomcatWebServer - Tomcat started on port 8080 (http) with context path ''
2024-04-24 21:30:56.842 INFO  o.e.springapp.SpringAppApplication - Started SpringAppApplication in 1.585 seconds (process running for 2.058)
